Using pre-set license
Built from '2021.3/staging' branch; Version is '2021.3.13f1 (9e7d58001ecf) revision 10386776'; Using compiler version '192829333'; Build Type 'Release'
OS: 'Windows 10  (10.0.19045) 64bit Professional' Language: 'ru' Physical Memory: 16314 MB
BatchMode: 1, IsHumanControllingUs: 0, StartBugReporterOnCrash: 0, Is64bit: 1, IsPro: 1

COMMAND LINE ARGUMENTS:
E:\Programms\Unity\Versions\2021.3.13f1\Editor\Unity.exe
-adb2
-batchMode
-noUpm
-name
AssetImportWorker8
-projectPath
F:/Курсач/Algoritm2/algoritm2/Algoritm2
-logFile
Logs/AssetImportWorker8.log
-srvPort
63685
Successfully changed project path to: F:/Курсач/Algoritm2/algoritm2/Algoritm2
F:/Курсач/Algoritm2/algoritm2/Algoritm2
[UnityMemory] Configuration Parameters - Can be set up in boot.config
    "memorysetup-bucket-allocator-granularity=16"
    "memorysetup-bucket-allocator-bucket-count=8"
    "memorysetup-bucket-allocator-block-size=33554432"
    "memorysetup-bucket-allocator-block-count=8"
    "memorysetup-main-allocator-block-size=16777216"
    "memorysetup-thread-allocator-block-size=16777216"
    "memorysetup-gfx-main-allocator-block-size=16777216"
    "memorysetup-gfx-thread-allocator-block-size=16777216"
    "memorysetup-cache-allocator-block-size=4194304"
    "memorysetup-typetree-allocator-block-size=2097152"
    "memorysetup-profiler-bucket-allocator-granularity=16"
    "memorysetup-profiler-bucket-allocator-bucket-count=8"
    "memorysetup-profiler-bucket-allocator-block-size=33554432"
    "memorysetup-profiler-bucket-allocator-block-count=8"
    "memorysetup-profiler-allocator-block-size=16777216"
    "memorysetup-profiler-editor-allocator-block-size=1048576"
    "memorysetup-temp-allocator-size-main=16777216"
    "memorysetup-job-temp-allocator-block-size=2097152"
    "memorysetup-job-temp-allocator-block-size-background=1048576"
    "memorysetup-job-temp-allocator-reduction-small-platforms=262144"
    "memorysetup-temp-allocator-size-background-worker=32768"
    "memorysetup-temp-allocator-size-job-worker=262144"
    "memorysetup-temp-allocator-size-preload-manager=33554432"
    "memorysetup-temp-allocator-size-nav-mesh-worker=65536"
    "memorysetup-temp-allocator-size-audio-worker=65536"
    "memorysetup-temp-allocator-size-cloud-worker=32768"
    "memorysetup-temp-allocator-size-gi-baking-worker=262144"
    "memorysetup-temp-allocator-size-gfx=262144"
Refreshing native plugins compatible for Editor in 120.72 ms, found 4 plugins.
Preloading 0 native plugins for Editor in 0.00 ms.
Initialize engine version: 2021.3.13f1 (9e7d58001ecf)
[Subsystems] Discovering subsystems at path E:/Programms/Unity/Versions/2021.3.13f1/Editor/Data/Resources/UnitySubsystems
[Subsystems] Discovering subsystems at path F:/Курсач/Algoritm2/algoritm2/Algoritm2/Assets
GfxDevice: creating device client; threaded=0; jobified=0
Direct3D:
    Version:  Direct3D 11.0 [level 11.1]
    Renderer: NVIDIA GeForce GTX 1660 (ID=0x2184)
    Vendor:   NVIDIA
    VRAM:     5980 MB
    Driver:   31.0.15.2686
Initialize mono
Mono path[0] = 'E:/Programms/Unity/Versions/2021.3.13f1/Editor/Data/Managed'
Mono path[1] = 'E:/Programms/Unity/Versions/2021.3.13f1/Editor/Data/MonoBleedingEdge/lib/mono/unityjit-win32'
Mono config path = 'E:/Programms/Unity/Versions/2021.3.13f1/Editor/Data/MonoBleedingEdge/etc'
Using monoOptions --debugger-agent=transport=dt_socket,embedding=1,server=y,suspend=n,address=127.0.0.1:56820
Begin MonoManager ReloadAssembly
Registering precompiled unity dll's ...
Register platform support module: E:/Programms/Unity/Versions/2021.3.13f1/Editor/Data/PlaybackEngines/WebGLSupport/UnityEditor.WebGL.Extensions.dll
Register platform support module: E:/Programms/Unity/Versions/2021.3.13f1/Editor/Data/PlaybackEngines/WindowsStandaloneSupport/UnityEditor.WindowsStandalone.Extensions.dll
Registered in 0.005223 seconds.
Native extension for WindowsStandalone target not found
Native extension for WebGL target not found
Refreshing native plugins compatible for Editor in 114.97 ms, found 4 plugins.
Preloading 0 native plugins for Editor in 0.00 ms.
Mono: successfully reloaded assembly
- Completed reload, in  0.783 seconds
Domain Reload Profiling:
	ReloadAssembly (784ms)
		BeginReloadAssembly (90ms)
			ExecutionOrderSort (0ms)
			DisableScriptedObjects (0ms)
			BackupInstance (0ms)
			ReleaseScriptingObjects (0ms)
			CreateAndSetChildDomain (1ms)
		EndReloadAssembly (565ms)
			LoadAssemblies (89ms)
			RebuildTransferFunctionScriptingTraits (0ms)
			SetupTypeCache (129ms)
			ReleaseScriptCaches (0ms)
			RebuildScriptCaches (33ms)
			SetupLoadedEditorAssemblies (343ms)
				LogAssemblyErrors (0ms)
				InitializePlatformSupportModulesInManaged (10ms)
				SetLoadedEditorAssemblies (0ms)
				RefreshPlugins (115ms)
				BeforeProcessingInitializeOnLoad (2ms)
				ProcessInitializeOnLoadAttributes (160ms)
				ProcessInitializeOnLoadMethodAttributes (57ms)
				AfterProcessingInitializeOnLoad (0ms)
				EditorAssembliesLoaded (0ms)
			ExecutionOrderSort2 (0ms)
			AwakeInstancesAfterBackupRestoration (0ms)
Platform modules already initialized, skipping
Registering precompiled user dll's ...
Registered in 0.009847 seconds.
Begin MonoManager ReloadAssembly
Symbol file LoadedFromMemory doesn't match image F:\Курсач\Algoritm2\algoritm2\Algoritm2\Library\PackageCache\com.unity.visualscripting@1.7.8\Editor\VisualScripting.Core\Dependencies\YamlDotNet\Unity.VisualScripting.YamlDotNet.dll
Symbol file LoadedFromMemory doesn't match image F:\Курсач\Algoritm2\algoritm2\Algoritm2\Library\PackageCache\com.unity.visualscripting@1.7.8\Editor\VisualScripting.Core\Dependencies\DotNetZip\Unity.VisualScripting.IonicZip.dll
Native extension for WindowsStandalone target not found
Native extension for WebGL target not found
Refreshing native plugins compatible for Editor in 108.20 ms, found 4 plugins.
Preloading 0 native plugins for Editor in 0.00 ms.
Mono: successfully reloaded assembly
- Completed reload, in  1.416 seconds
Domain Reload Profiling:
	ReloadAssembly (1417ms)
		BeginReloadAssembly (136ms)
			ExecutionOrderSort (0ms)
			DisableScriptedObjects (8ms)
			BackupInstance (0ms)
			ReleaseScriptingObjects (0ms)
			CreateAndSetChildDomain (23ms)
		EndReloadAssembly (1140ms)
			LoadAssemblies (110ms)
			RebuildTransferFunctionScriptingTraits (0ms)
			SetupTypeCache (341ms)
			ReleaseScriptCaches (1ms)
			RebuildScriptCaches (69ms)
			SetupLoadedEditorAssemblies (572ms)
				LogAssemblyErrors (0ms)
				InitializePlatformSupportModulesInManaged (6ms)
				SetLoadedEditorAssemblies (0ms)
				RefreshPlugins (108ms)
				BeforeProcessingInitializeOnLoad (108ms)
				ProcessInitializeOnLoadAttributes (287ms)
				ProcessInitializeOnLoadMethodAttributes (58ms)
				AfterProcessingInitializeOnLoad (5ms)
				EditorAssembliesLoaded (0ms)
			ExecutionOrderSort2 (0ms)
			AwakeInstancesAfterBackupRestoration (8ms)
Platform modules already initialized, skipping
========================================================================
Worker process is ready to serve import requests
Launched and connected shader compiler UnityShaderCompiler.exe after 0.07 seconds
Refreshing native plugins compatible for Editor in 1.02 ms, found 4 plugins.
Preloading 0 native plugins for Editor in 0.00 ms.
Unloading 4092 Unused Serialized files (Serialized files now loaded: 0)
Unloading 48 unused Assets / (229.7 KB). Loaded Objects now: 4540.
Memory consumption went from 154.3 MB to 154.1 MB.
Total: 6.006000 ms (FindLiveObjects: 0.528400 ms CreateObjectMapping: 0.181100 ms MarkObjects: 4.976000 ms  DeleteObjects: 0.318800 ms)

AssetImportParameters requested are different than current active one (requested -> active):
  custom:video-decoder-ogg-theora: a1e56fd34408186e4bbccfd4996cb3dc -> 
  custom:container-muxer-webm: aa71ff27fc2769a1b78a27578f13a17b -> 
  custom:container-demuxer-webm: 4f35f7cbe854078d1ac9338744f61a02 -> 
  custom:video-encoder-webm-vp8: eb34c28f22e8b96e1ab97ce403110664 -> 
  custom:audio-encoder-webm-vorbis: bf7c407c2cedff20999df2af8eb42d56 -> 
  custom:framework-win-MediaFoundation: 216162199b28c13a410421893ffa2e32 -> 
  custom:container-demuxer-ogg: 62fdf1f143b41e24485cea50d1cbac27 -> 
  custom:video-decoder-webm-vp8: 9c59270c3fd7afecdb556c50c9e8de78 -> 
  custom:audio-decoder-ogg-vorbis: bf7c407c2cedff20999df2af8eb42d56 -> 
========================================================================
Received Prepare
Registering precompiled user dll's ...
Registered in 0.009648 seconds.
Begin MonoManager ReloadAssembly
Symbol file LoadedFromMemory doesn't match image F:\Курсач\Algoritm2\algoritm2\Algoritm2\Library\PackageCache\com.unity.visualscripting@1.7.8\Editor\VisualScripting.Core\Dependencies\YamlDotNet\Unity.VisualScripting.YamlDotNet.dll
Symbol file LoadedFromMemory doesn't match image F:\Курсач\Algoritm2\algoritm2\Algoritm2\Library\PackageCache\com.unity.visualscripting@1.7.8\Editor\VisualScripting.Core\Dependencies\DotNetZip\Unity.VisualScripting.IonicZip.dll
Native extension for WindowsStandalone target not found
Native extension for WebGL target not found
Refreshing native plugins compatible for Editor in 1.63 ms, found 4 plugins.
Preloading 0 native plugins for Editor in 0.00 ms.
Mono: successfully reloaded assembly
- Completed reload, in  1.361 seconds
Domain Reload Profiling:
	ReloadAssembly (1361ms)
		BeginReloadAssembly (168ms)
			ExecutionOrderSort (0ms)
			DisableScriptedObjects (9ms)
			BackupInstance (0ms)
			ReleaseScriptingObjects (0ms)
			CreateAndSetChildDomain (53ms)
		EndReloadAssembly (1069ms)
			LoadAssemblies (118ms)
			RebuildTransferFunctionScriptingTraits (0ms)
			SetupTypeCache (353ms)
			ReleaseScriptCaches (3ms)
			RebuildScriptCaches (65ms)
			SetupLoadedEditorAssemblies (466ms)
				LogAssemblyErrors (0ms)
				InitializePlatformSupportModulesInManaged (20ms)
				SetLoadedEditorAssemblies (1ms)
				RefreshPlugins (2ms)
				BeforeProcessingInitializeOnLoad (94ms)
				ProcessInitializeOnLoadAttributes (284ms)
				ProcessInitializeOnLoadMethodAttributes (61ms)
				AfterProcessingInitializeOnLoad (5ms)
				EditorAssembliesLoaded (0ms)
			ExecutionOrderSort2 (0ms)
			AwakeInstancesAfterBackupRestoration (14ms)
Platform modules already initialized, skipping
Refreshing native plugins compatible for Editor in 4.76 ms, found 4 plugins.
Preloading 0 native plugins for Editor in 0.00 ms.
Unloading 4074 Unused Serialized files (Serialized files now loaded: 0)
Unloading 35 unused Assets / (196.2 KB). Loaded Objects now: 4543.
Memory consumption went from 152.9 MB to 152.7 MB.
Total: 5.657600 ms (FindLiveObjects: 0.430200 ms CreateObjectMapping: 0.151600 ms MarkObjects: 4.823400 ms  DeleteObjects: 0.251000 ms)

AssetImportParameters requested are different than current active one (requested -> active):
  custom:video-decoder-ogg-theora: a1e56fd34408186e4bbccfd4996cb3dc -> 
  custom:container-muxer-webm: aa71ff27fc2769a1b78a27578f13a17b -> 
  custom:container-demuxer-webm: 4f35f7cbe854078d1ac9338744f61a02 -> 
  custom:video-encoder-webm-vp8: eb34c28f22e8b96e1ab97ce403110664 -> 
  custom:audio-encoder-webm-vorbis: bf7c407c2cedff20999df2af8eb42d56 -> 
  custom:framework-win-MediaFoundation: 216162199b28c13a410421893ffa2e32 -> 
  custom:container-demuxer-ogg: 62fdf1f143b41e24485cea50d1cbac27 -> 
  custom:video-decoder-webm-vp8: 9c59270c3fd7afecdb556c50c9e8de78 -> 
  custom:audio-decoder-ogg-vorbis: bf7c407c2cedff20999df2af8eb42d56 -> 
========================================================================
Received Prepare
Registering precompiled user dll's ...
Registered in 0.012615 seconds.
Begin MonoManager ReloadAssembly
Symbol file LoadedFromMemory doesn't match image F:\Курсач\Algoritm2\algoritm2\Algoritm2\Library\PackageCache\com.unity.visualscripting@1.7.8\Editor\VisualScripting.Core\Dependencies\YamlDotNet\Unity.VisualScripting.YamlDotNet.dll
Symbol file LoadedFromMemory doesn't match image F:\Курсач\Algoritm2\algoritm2\Algoritm2\Library\PackageCache\com.unity.visualscripting@1.7.8\Editor\VisualScripting.Core\Dependencies\DotNetZip\Unity.VisualScripting.IonicZip.dll
Native extension for WindowsStandalone target not found
Native extension for WebGL target not found
Refreshing native plugins compatible for Editor in 1.40 ms, found 4 plugins.
Preloading 0 native plugins for Editor in 0.00 ms.
Mono: successfully reloaded assembly
- Completed reload, in  1.397 seconds
Domain Reload Profiling:
	ReloadAssembly (1399ms)
		BeginReloadAssembly (172ms)
			ExecutionOrderSort (0ms)
			DisableScriptedObjects (9ms)
			BackupInstance (0ms)
			ReleaseScriptingObjects (0ms)
			CreateAndSetChildDomain (52ms)
		EndReloadAssembly (1083ms)
			LoadAssemblies (120ms)
			RebuildTransferFunctionScriptingTraits (0ms)
			SetupTypeCache (363ms)
			ReleaseScriptCaches (2ms)
			RebuildScriptCaches (68ms)
			SetupLoadedEditorAssemblies (474ms)
				LogAssemblyErrors (0ms)
				InitializePlatformSupportModulesInManaged (18ms)
				SetLoadedEditorAssemblies (2ms)
				RefreshPlugins (1ms)
				BeforeProcessingInitializeOnLoad (103ms)
				ProcessInitializeOnLoadAttributes (283ms)
				ProcessInitializeOnLoadMethodAttributes (61ms)
				AfterProcessingInitializeOnLoad (5ms)
				EditorAssembliesLoaded (0ms)
			ExecutionOrderSort2 (0ms)
			AwakeInstancesAfterBackupRestoration (12ms)
Platform modules already initialized, skipping
Refreshing native plugins compatible for Editor in 5.07 ms, found 4 plugins.
Preloading 0 native plugins for Editor in 0.00 ms.
Unloading 4074 Unused Serialized files (Serialized files now loaded: 0)
Unloading 35 unused Assets / (197.2 KB). Loaded Objects now: 4546.
Memory consumption went from 152.9 MB to 152.7 MB.
Total: 5.470600 ms (FindLiveObjects: 0.497600 ms CreateObjectMapping: 0.205100 ms MarkObjects: 4.486100 ms  DeleteObjects: 0.280400 ms)

AssetImportParameters requested are different than current active one (requested -> active):
  custom:video-decoder-ogg-theora: a1e56fd34408186e4bbccfd4996cb3dc -> 
  custom:container-muxer-webm: aa71ff27fc2769a1b78a27578f13a17b -> 
  custom:container-demuxer-webm: 4f35f7cbe854078d1ac9338744f61a02 -> 
  custom:video-encoder-webm-vp8: eb34c28f22e8b96e1ab97ce403110664 -> 
  custom:audio-encoder-webm-vorbis: bf7c407c2cedff20999df2af8eb42d56 -> 
  custom:framework-win-MediaFoundation: 216162199b28c13a410421893ffa2e32 -> 
  custom:container-demuxer-ogg: 62fdf1f143b41e24485cea50d1cbac27 -> 
  custom:video-decoder-webm-vp8: 9c59270c3fd7afecdb556c50c9e8de78 -> 
  custom:audio-decoder-ogg-vorbis: bf7c407c2cedff20999df2af8eb42d56 -> 
========================================================================
Received Prepare
Registering precompiled user dll's ...
Registered in 0.009721 seconds.
Begin MonoManager ReloadAssembly
Symbol file LoadedFromMemory doesn't match image F:\Курсач\Algoritm2\algoritm2\Algoritm2\Library\PackageCache\com.unity.visualscripting@1.7.8\Editor\VisualScripting.Core\Dependencies\YamlDotNet\Unity.VisualScripting.YamlDotNet.dll
Symbol file LoadedFromMemory doesn't match image F:\Курсач\Algoritm2\algoritm2\Algoritm2\Library\PackageCache\com.unity.visualscripting@1.7.8\Editor\VisualScripting.Core\Dependencies\DotNetZip\Unity.VisualScripting.IonicZip.dll
Native extension for WindowsStandalone target not found
Native extension for WebGL target not found
Refreshing native plugins compatible for Editor in 1.07 ms, found 4 plugins.
Preloading 0 native plugins for Editor in 0.00 ms.
Mono: successfully reloaded assembly
- Completed reload, in  1.341 seconds
Domain Reload Profiling:
	ReloadAssembly (1341ms)
		BeginReloadAssembly (162ms)
			ExecutionOrderSort (0ms)
			DisableScriptedObjects (10ms)
			BackupInstance (0ms)
			ReleaseScriptingObjects (0ms)
			CreateAndSetChildDomain (50ms)
		EndReloadAssembly (1046ms)
			LoadAssemblies (112ms)
			RebuildTransferFunctionScriptingTraits (0ms)
			SetupTypeCache (338ms)
			ReleaseScriptCaches (2ms)
			RebuildScriptCaches (64ms)
			SetupLoadedEditorAssemblies (461ms)
				LogAssemblyErrors (0ms)
				InitializePlatformSupportModulesInManaged (18ms)
				SetLoadedEditorAssemblies (1ms)
				RefreshPlugins (1ms)
				BeforeProcessingInitializeOnLoad (96ms)
				ProcessInitializeOnLoadAttributes (279ms)
				ProcessInitializeOnLoadMethodAttributes (60ms)
				AfterProcessingInitializeOnLoad (6ms)
				EditorAssembliesLoaded (0ms)
			ExecutionOrderSort2 (0ms)
			AwakeInstancesAfterBackupRestoration (14ms)
Platform modules already initialized, skipping
Refreshing native plugins compatible for Editor in 5.49 ms, found 4 plugins.
Preloading 0 native plugins for Editor in 0.00 ms.
Unloading 4074 Unused Serialized files (Serialized files now loaded: 0)
Unloading 35 unused Assets / (196.3 KB). Loaded Objects now: 4549.
Memory consumption went from 152.9 MB to 152.7 MB.
Total: 8.130700 ms (FindLiveObjects: 0.628500 ms CreateObjectMapping: 0.285500 ms MarkObjects: 6.607600 ms  DeleteObjects: 0.606700 ms)

AssetImportParameters requested are different than current active one (requested -> active):
  custom:video-decoder-ogg-theora: a1e56fd34408186e4bbccfd4996cb3dc -> 
  custom:container-muxer-webm: aa71ff27fc2769a1b78a27578f13a17b -> 
  custom:container-demuxer-webm: 4f35f7cbe854078d1ac9338744f61a02 -> 
  custom:video-encoder-webm-vp8: eb34c28f22e8b96e1ab97ce403110664 -> 
  custom:audio-encoder-webm-vorbis: bf7c407c2cedff20999df2af8eb42d56 -> 
  custom:framework-win-MediaFoundation: 216162199b28c13a410421893ffa2e32 -> 
  custom:container-demuxer-ogg: 62fdf1f143b41e24485cea50d1cbac27 -> 
  custom:video-decoder-webm-vp8: 9c59270c3fd7afecdb556c50c9e8de78 -> 
  custom:audio-decoder-ogg-vorbis: bf7c407c2cedff20999df2af8eb42d56 -> 
========================================================================
Received Prepare
Registering precompiled user dll's ...
Registered in 0.011532 seconds.
Begin MonoManager ReloadAssembly
Symbol file LoadedFromMemory doesn't match image F:\Курсач\Algoritm2\algoritm2\Algoritm2\Library\PackageCache\com.unity.visualscripting@1.7.8\Editor\VisualScripting.Core\Dependencies\YamlDotNet\Unity.VisualScripting.YamlDotNet.dll
Symbol file LoadedFromMemory doesn't match image F:\Курсач\Algoritm2\algoritm2\Algoritm2\Library\PackageCache\com.unity.visualscripting@1.7.8\Editor\VisualScripting.Core\Dependencies\DotNetZip\Unity.VisualScripting.IonicZip.dll
Native extension for WindowsStandalone target not found
Native extension for WebGL target not found
Refreshing native plugins compatible for Editor in 1.48 ms, found 4 plugins.
Preloading 0 native plugins for Editor in 0.00 ms.
Mono: successfully reloaded assembly
- Completed reload, in  1.873 seconds
Domain Reload Profiling:
	ReloadAssembly (1876ms)
		BeginReloadAssembly (405ms)
			ExecutionOrderSort (0ms)
			DisableScriptedObjects (45ms)
			BackupInstance (0ms)
			ReleaseScriptingObjects (0ms)
			CreateAndSetChildDomain (176ms)
		EndReloadAssembly (1301ms)
			LoadAssemblies (168ms)
			RebuildTransferFunctionScriptingTraits (0ms)
			SetupTypeCache (464ms)
			ReleaseScriptCaches (3ms)
			RebuildScriptCaches (78ms)
			SetupLoadedEditorAssemblies (533ms)
				LogAssemblyErrors (0ms)
				InitializePlatformSupportModulesInManaged (20ms)
				SetLoadedEditorAssemblies (1ms)
				RefreshPlugins (2ms)
				BeforeProcessingInitializeOnLoad (106ms)
				ProcessInitializeOnLoadAttributes (324ms)
				ProcessInitializeOnLoadMethodAttributes (73ms)
				AfterProcessingInitializeOnLoad (7ms)
				EditorAssembliesLoaded (0ms)
			ExecutionOrderSort2 (0ms)
			AwakeInstancesAfterBackupRestoration (20ms)
Platform modules already initialized, skipping
Refreshing native plugins compatible for Editor in 6.67 ms, found 4 plugins.
Preloading 0 native plugins for Editor in 0.00 ms.
Unloading 4074 Unused Serialized files (Serialized files now loaded: 0)
Unloading 35 unused Assets / (196.1 KB). Loaded Objects now: 4552.
Memory consumption went from 152.9 MB to 152.8 MB.
Total: 9.057600 ms (FindLiveObjects: 0.456500 ms CreateObjectMapping: 0.194800 ms MarkObjects: 7.988000 ms  DeleteObjects: 0.416700 ms)

AssetImportParameters requested are different than current active one (requested -> active):
  custom:video-decoder-ogg-theora: a1e56fd34408186e4bbccfd4996cb3dc -> 
  custom:container-muxer-webm: aa71ff27fc2769a1b78a27578f13a17b -> 
  custom:container-demuxer-webm: 4f35f7cbe854078d1ac9338744f61a02 -> 
  custom:video-encoder-webm-vp8: eb34c28f22e8b96e1ab97ce403110664 -> 
  custom:audio-encoder-webm-vorbis: bf7c407c2cedff20999df2af8eb42d56 -> 
  custom:framework-win-MediaFoundation: 216162199b28c13a410421893ffa2e32 -> 
  custom:container-demuxer-ogg: 62fdf1f143b41e24485cea50d1cbac27 -> 
  custom:video-decoder-webm-vp8: 9c59270c3fd7afecdb556c50c9e8de78 -> 
  custom:audio-decoder-ogg-vorbis: bf7c407c2cedff20999df2af8eb42d56 -> 
========================================================================
Received Import Request.
  Time since last request: 2249247.599722 seconds.
  path: Assets/Prefabs/UI-Admin_add_user.prefab
  artifactKey: Guid(0053ce56ab47f684fa5b1048c06faf2b) Importer(815301076,1909f56bfc062723c751e8b465ee728b)
Start importing Assets/Prefabs/UI-Admin_add_user.prefab using Guid(0053ce56ab47f684fa5b1048c06faf2b) Importer(815301076,1909f56bfc062723c751e8b465ee728b)  -> (artifact id: '27305c4d89ace918de34edeaf9107576') in 0.145424 seconds 
========================================================================
Received Import Request.
  Time since last request: 18.983402 seconds.
  path: Assets/Prefabs/UI-Teacher.prefab
  artifactKey: Guid(aa49a45e7308d074fbba5f384e45763e) Importer(815301076,1909f56bfc062723c751e8b465ee728b)
Start importing Assets/Prefabs/UI-Teacher.prefab using Guid(aa49a45e7308d074fbba5f384e45763e) Importer(815301076,1909f56bfc062723c751e8b465ee728b)  -> (artifact id: 'cd2704d051489a64b57063b2f356ef24') in 0.005325 seconds 
========================================================================
Received Import Request.
  Time since last request: 4.800728 seconds.
  path: Assets/Prefabs/UI-Teacher.prefab
  artifactKey: Guid(aa49a45e7308d074fbba5f384e45763e) Importer(815301076,1909f56bfc062723c751e8b465ee728b)
Start importing Assets/Prefabs/UI-Teacher.prefab using Guid(aa49a45e7308d074fbba5f384e45763e) Importer(815301076,1909f56bfc062723c751e8b465ee728b)  -> (artifact id: 'c0df9d74a796a19c59c45a44e1f8df7b') in 0.003846 seconds 
========================================================================
Received Import Request.
  Time since last request: 4.961198 seconds.
  path: Assets/Prefabs/UI-Teacher.prefab
  artifactKey: Guid(aa49a45e7308d074fbba5f384e45763e) Importer(815301076,1909f56bfc062723c751e8b465ee728b)
Start importing Assets/Prefabs/UI-Teacher.prefab using Guid(aa49a45e7308d074fbba5f384e45763e) Importer(815301076,1909f56bfc062723c751e8b465ee728b)  -> (artifact id: 'c544c71c2781c5cf545eb391cccc30c1') in 0.005215 seconds 
========================================================================
Received Import Request.
  Time since last request: 2.782319 seconds.
  path: Assets/Prefabs/UI-Teacher.prefab
  artifactKey: Guid(aa49a45e7308d074fbba5f384e45763e) Importer(815301076,1909f56bfc062723c751e8b465ee728b)
Start importing Assets/Prefabs/UI-Teacher.prefab using Guid(aa49a45e7308d074fbba5f384e45763e) Importer(815301076,1909f56bfc062723c751e8b465ee728b)  -> (artifact id: 'bcfb22fc6c207a4b58b0ba4c9071f4bc') in 0.004149 seconds 
========================================================================
Received Import Request.
  Time since last request: 1.823076 seconds.
  path: Assets/Prefabs/UI-Teacher.prefab
  artifactKey: Guid(aa49a45e7308d074fbba5f384e45763e) Importer(815301076,1909f56bfc062723c751e8b465ee728b)
Start importing Assets/Prefabs/UI-Teacher.prefab using Guid(aa49a45e7308d074fbba5f384e45763e) Importer(815301076,1909f56bfc062723c751e8b465ee728b)  -> (artifact id: '10105e2fb32692107f408389cbb440e9') in 0.005152 seconds 
========================================================================
Received Import Request.
  Time since last request: 1.403334 seconds.
  path: Assets/Prefabs/UI-Teacher.prefab
  artifactKey: Guid(aa49a45e7308d074fbba5f384e45763e) Importer(815301076,1909f56bfc062723c751e8b465ee728b)
Start importing Assets/Prefabs/UI-Teacher.prefab using Guid(aa49a45e7308d074fbba5f384e45763e) Importer(815301076,1909f56bfc062723c751e8b465ee728b)  -> (artifact id: 'f653937486850709b595f653aac9f5b5') in 0.004037 seconds 
========================================================================
Received Import Request.
  Time since last request: 15.945460 seconds.
  path: Assets/Prefabs/UI-Teacher.prefab
  artifactKey: Guid(aa49a45e7308d074fbba5f384e45763e) Importer(815301076,1909f56bfc062723c751e8b465ee728b)
Start importing Assets/Prefabs/UI-Teacher.prefab using Guid(aa49a45e7308d074fbba5f384e45763e) Importer(815301076,1909f56bfc062723c751e8b465ee728b)  -> (artifact id: 'a0d28b453b2d3a57ea3f86a3c3467782') in 0.003869 seconds 
========================================================================
Received Import Request.
  Time since last request: 11.611213 seconds.
  path: Assets/Materials/UI/Teacher's Window/Table-1.png
  artifactKey: Guid(fab4ed5bd7cbde14c886d6d13bf6bc2e) Importer(815301076,1909f56bfc062723c751e8b465ee728b)
Start importing Assets/Materials/UI/Teacher's Window/Table-1.png using Guid(fab4ed5bd7cbde14c886d6d13bf6bc2e) Importer(815301076,1909f56bfc062723c751e8b465ee728b)  -> (artifact id: '333444ef0162eb06cd1a5465659a1c8c') in 0.260209 seconds 
========================================================================
Received Import Request.
  Time since last request: 0.000028 seconds.
  path: Assets/Materials/UI/Teacher's Window/Table.png
  artifactKey: Guid(65d8f3bcc61dcd145a0c92fecc17c625) Importer(815301076,1909f56bfc062723c751e8b465ee728b)
Start importing Assets/Materials/UI/Teacher's Window/Table.png using Guid(65d8f3bcc61dcd145a0c92fecc17c625) Importer(815301076,1909f56bfc062723c751e8b465ee728b)  -> (artifact id: '03f3bc8c792bc725fda819b4753d8acf') in 0.160260 seconds 
========================================================================
Received Import Request.
  Time since last request: 258.361463 seconds.
  path: Assets/Prefabs/UI-Teacher.prefab
  artifactKey: Guid(aa49a45e7308d074fbba5f384e45763e) Importer(815301076,1909f56bfc062723c751e8b465ee728b)
Start importing Assets/Prefabs/UI-Teacher.prefab using Guid(aa49a45e7308d074fbba5f384e45763e) Importer(815301076,1909f56bfc062723c751e8b465ee728b)  -> (artifact id: 'bb654f8d3970b6aeb8ca8c58e5af3d5c') in 0.007805 seconds 
========================================================================
Received Import Request.
  Time since last request: 15.533279 seconds.
  path: Assets/Prefabs/New Prefab.prefab
  artifactKey: Guid(316a6d6839f8e5246886eb50835d0261) Importer(815301076,1909f56bfc062723c751e8b465ee728b)
Start importing Assets/Prefabs/New Prefab.prefab using Guid(316a6d6839f8e5246886eb50835d0261) Importer(815301076,1909f56bfc062723c751e8b465ee728b)  -> (artifact id: 'a7c4cb83eb83a655c6d8cbb04a9930ce') in 0.006916 seconds 
========================================================================
Received Import Request.
  Time since last request: 9.830046 seconds.
  path: Assets/Prefabs/UI-Student.prefab
  artifactKey: Guid(316a6d6839f8e5246886eb50835d0261) Importer(815301076,1909f56bfc062723c751e8b465ee728b)
Start importing Assets/Prefabs/UI-Student.prefab using Guid(316a6d6839f8e5246886eb50835d0261) Importer(815301076,1909f56bfc062723c751e8b465ee728b)  -> (artifact id: '42078c1bdc6b01240d8160b5d4f35913') in 0.004581 seconds 
========================================================================
Received Import Request.
  Time since last request: 5.000019 seconds.
  path: Assets/Prefabs/UI-Student.prefab
  artifactKey: Guid(316a6d6839f8e5246886eb50835d0261) Importer(815301076,1909f56bfc062723c751e8b465ee728b)
Start importing Assets/Prefabs/UI-Student.prefab using Guid(316a6d6839f8e5246886eb50835d0261) Importer(815301076,1909f56bfc062723c751e8b465ee728b)  -> (artifact id: '0ac9779746aa1af94bcfc8b489f3759f') in 0.003415 seconds 
========================================================================
Received Import Request.
  Time since last request: 3.223705 seconds.
  path: Assets/Prefabs/UI-Student.prefab
  artifactKey: Guid(316a6d6839f8e5246886eb50835d0261) Importer(815301076,1909f56bfc062723c751e8b465ee728b)
Start importing Assets/Prefabs/UI-Student.prefab using Guid(316a6d6839f8e5246886eb50835d0261) Importer(815301076,1909f56bfc062723c751e8b465ee728b)  -> (artifact id: 'b4b276103e73a2c30db610b76ed516ee') in 0.003677 seconds 
========================================================================
Received Import Request.
  Time since last request: 1.242759 seconds.
  path: Assets/Prefabs/UI-Student.prefab
  artifactKey: Guid(316a6d6839f8e5246886eb50835d0261) Importer(815301076,1909f56bfc062723c751e8b465ee728b)
Start importing Assets/Prefabs/UI-Student.prefab using Guid(316a6d6839f8e5246886eb50835d0261) Importer(815301076,1909f56bfc062723c751e8b465ee728b)  -> (artifact id: '21249d8ec55ea845802025ec107cdd14') in 0.005274 seconds 
========================================================================
Received Import Request.
  Time since last request: 5.245558 seconds.
  path: Assets/Prefabs/UI-Student.prefab
  artifactKey: Guid(316a6d6839f8e5246886eb50835d0261) Importer(815301076,1909f56bfc062723c751e8b465ee728b)
Start importing Assets/Prefabs/UI-Student.prefab using Guid(316a6d6839f8e5246886eb50835d0261) Importer(815301076,1909f56bfc062723c751e8b465ee728b)  -> (artifact id: '32f3b0e73c0634bd4977b3b5d96a6ee4') in 0.005673 seconds 
========================================================================
Received Import Request.
  Time since last request: 12.593144 seconds.
  path: Assets/Prefabs/UI-Student.prefab
  artifactKey: Guid(316a6d6839f8e5246886eb50835d0261) Importer(815301076,1909f56bfc062723c751e8b465ee728b)
Start importing Assets/Prefabs/UI-Student.prefab using Guid(316a6d6839f8e5246886eb50835d0261) Importer(815301076,1909f56bfc062723c751e8b465ee728b)  -> (artifact id: '8b5d8dc2e25a0ff26cf61d2406e8aeb8') in 0.004211 seconds 
========================================================================
Received Import Request.
  Time since last request: 8.511877 seconds.
  path: Assets/Materials/UI/Student Window/Group 2.png
  artifactKey: Guid(2bc37e86cce369340a14d1a0747d9d32) Importer(815301076,1909f56bfc062723c751e8b465ee728b)
Start importing Assets/Materials/UI/Student Window/Group 2.png using Guid(2bc37e86cce369340a14d1a0747d9d32) Importer(815301076,1909f56bfc062723c751e8b465ee728b)  -> (artifact id: '2df2f75a4101784b0cae4dbdef2d758d') in 0.084099 seconds 
========================================================================
Received Import Request.
  Time since last request: 0.000028 seconds.
  path: Assets/Materials/UI/Student Window/Выход.png
  artifactKey: Guid(13e1c0d632c89a742a1984ba263b5f91) Importer(815301076,1909f56bfc062723c751e8b465ee728b)
Start importing Assets/Materials/UI/Student Window/Выход.png using Guid(13e1c0d632c89a742a1984ba263b5f91) Importer(815301076,1909f56bfc062723c751e8b465ee728b)  -> (artifact id: 'e5aace4efa0a005d024ab77a743be376') in 0.018664 seconds 
========================================================================
Received Import Request.
  Time since last request: 0.000036 seconds.
  path: Assets/Materials/UI/Student Window/Кнопка-1.png
  artifactKey: Guid(8315961d2504a7e4195df6e751030550) Importer(815301076,1909f56bfc062723c751e8b465ee728b)
Start importing Assets/Materials/UI/Student Window/Кнопка-1.png using Guid(8315961d2504a7e4195df6e751030550) Importer(815301076,1909f56bfc062723c751e8b465ee728b)  -> (artifact id: 'be225ab3b010ea910c7e58bce8f05f01') in 0.038163 seconds 
========================================================================
Received Import Request.
  Time since last request: 0.000027 seconds.
  path: Assets/Materials/UI/Student Window/Кнопка.png
  artifactKey: Guid(5389dffd85b32e147986e9c2907e4c2b) Importer(815301076,1909f56bfc062723c751e8b465ee728b)
Start importing Assets/Materials/UI/Student Window/Кнопка.png using Guid(5389dffd85b32e147986e9c2907e4c2b) Importer(815301076,1909f56bfc062723c751e8b465ee728b)  -> (artifact id: '7ab141cdb74b82c65a041a96e7cec822') in 0.016857 seconds 
========================================================================
Received Import Request.
  Time since last request: 0.000045 seconds.
  path: Assets/Materials/UI/Student Window/Кнопка-2.png
  artifactKey: Guid(e839147f63c40654cb80a65bc3e3b165) Importer(815301076,1909f56bfc062723c751e8b465ee728b)
Start importing Assets/Materials/UI/Student Window/Кнопка-2.png using Guid(e839147f63c40654cb80a65bc3e3b165) Importer(815301076,1909f56bfc062723c751e8b465ee728b)  -> (artifact id: '7627261926de4c43c4f6453ed0de84ed') in 0.052925 seconds 
========================================================================
Received Import Request.
  Time since last request: 55.485201 seconds.
  path: Assets/Materials/UI/Student Window/book-fill.png
  artifactKey: Guid(623bd0e19e941d749ba0ade26336ebca) Importer(815301076,1909f56bfc062723c751e8b465ee728b)
Start importing Assets/Materials/UI/Student Window/book-fill.png using Guid(623bd0e19e941d749ba0ade26336ebca) Importer(815301076,1909f56bfc062723c751e8b465ee728b)  -> (artifact id: 'c2fb084bae47e527ce2e285bd2c1656a') in 0.023672 seconds 
========================================================================
Received Import Request.
  Time since last request: 32.439176 seconds.
  path: Assets/Prefabs/UI-Student.prefab
  artifactKey: Guid(316a6d6839f8e5246886eb50835d0261) Importer(815301076,1909f56bfc062723c751e8b465ee728b)
Start importing Assets/Prefabs/UI-Student.prefab using Guid(316a6d6839f8e5246886eb50835d0261) Importer(815301076,1909f56bfc062723c751e8b465ee728b)  -> (artifact id: '449133ee4db011cbebb4da81c22174f3') in 0.024652 seconds 
========================================================================
Received Import Request.
  Time since last request: 1.786048 seconds.
  path: Assets/Prefabs/UI-Student.prefab
  artifactKey: Guid(316a6d6839f8e5246886eb50835d0261) Importer(815301076,1909f56bfc062723c751e8b465ee728b)
Start importing Assets/Prefabs/UI-Student.prefab using Guid(316a6d6839f8e5246886eb50835d0261) Importer(815301076,1909f56bfc062723c751e8b465ee728b)  -> (artifact id: 'ed6150bc7eb442f7316a05bc1694939b') in 0.023050 seconds 
========================================================================
Received Import Request.
  Time since last request: 6.416696 seconds.
  path: Assets/Prefabs/UI-Student.prefab
  artifactKey: Guid(316a6d6839f8e5246886eb50835d0261) Importer(815301076,1909f56bfc062723c751e8b465ee728b)
Start importing Assets/Prefabs/UI-Student.prefab using Guid(316a6d6839f8e5246886eb50835d0261) Importer(815301076,1909f56bfc062723c751e8b465ee728b)  -> (artifact id: '34f666b45d5f5c35baef897165fe707a') in 0.020143 seconds 
========================================================================
Received Import Request.
  Time since last request: 19.643895 seconds.
  path: Assets/Prefabs/UI-Student.prefab
  artifactKey: Guid(316a6d6839f8e5246886eb50835d0261) Importer(815301076,1909f56bfc062723c751e8b465ee728b)
Start importing Assets/Prefabs/UI-Student.prefab using Guid(316a6d6839f8e5246886eb50835d0261) Importer(815301076,1909f56bfc062723c751e8b465ee728b)  -> (artifact id: '83a2d591c7a5abe9a45f5877a66e7d83') in 0.024262 seconds 
========================================================================
Received Import Request.
  Time since last request: 1628.328040 seconds.
  path: Assets/Prefabs/UI-Student.prefab
  artifactKey: Guid(316a6d6839f8e5246886eb50835d0261) Importer(815301076,1909f56bfc062723c751e8b465ee728b)
Start importing Assets/Prefabs/UI-Student.prefab using Guid(316a6d6839f8e5246886eb50835d0261) Importer(815301076,1909f56bfc062723c751e8b465ee728b)  -> (artifact id: 'a4ce3b4b33bc85dbfedbee668e119a79') in 0.020404 seconds 
========================================================================
Received Import Request.
  Time since last request: 7.864350 seconds.
  path: Assets/Prefabs/UI-Student.prefab
  artifactKey: Guid(316a6d6839f8e5246886eb50835d0261) Importer(815301076,1909f56bfc062723c751e8b465ee728b)
Start importing Assets/Prefabs/UI-Student.prefab using Guid(316a6d6839f8e5246886eb50835d0261) Importer(815301076,1909f56bfc062723c751e8b465ee728b)  -> (artifact id: 'd960957c8962659fd4592921b0624e30') in 0.020990 seconds 
