Using pre-set license
Built from '2021.3/staging' branch; Version is '2021.3.13f1 (9e7d58001ecf) revision 10386776'; Using compiler version '192829333'; Build Type 'Release'
OS: 'Windows 10  (10.0.19045) 64bit Professional' Language: 'ru' Physical Memory: 16314 MB
BatchMode: 1, IsHumanControllingUs: 0, StartBugReporterOnCrash: 0, Is64bit: 1, IsPro: 1

COMMAND LINE ARGUMENTS:
E:\Programms\Unity\Versions\2021.3.13f1\Editor\Unity.exe
-adb2
-batchMode
-noUpm
-name
AssetImportWorker2
-projectPath
F:/Курсач/Algoritm2/algoritm2/Algoritm2
-logFile
Logs/AssetImportWorker2.log
-srvPort
57264
Successfully changed project path to: F:/Курсач/Algoritm2/algoritm2/Algoritm2
F:/Курсач/Algoritm2/algoritm2/Algoritm2
[UnityMemory] Configuration Parameters - Can be set up in boot.config
    "memorysetup-bucket-allocator-granularity=16"
    "memorysetup-bucket-allocator-bucket-count=8"
    "memorysetup-bucket-allocator-block-size=33554432"
    "memorysetup-bucket-allocator-block-count=8"
    "memorysetup-main-allocator-block-size=16777216"
    "memorysetup-thread-allocator-block-size=16777216"
    "memorysetup-gfx-main-allocator-block-size=16777216"
    "memorysetup-gfx-thread-allocator-block-size=16777216"
    "memorysetup-cache-allocator-block-size=4194304"
    "memorysetup-typetree-allocator-block-size=2097152"
    "memorysetup-profiler-bucket-allocator-granularity=16"
    "memorysetup-profiler-bucket-allocator-bucket-count=8"
    "memorysetup-profiler-bucket-allocator-block-size=33554432"
    "memorysetup-profiler-bucket-allocator-block-count=8"
    "memorysetup-profiler-allocator-block-size=16777216"
    "memorysetup-profiler-editor-allocator-block-size=1048576"
    "memorysetup-temp-allocator-size-main=16777216"
    "memorysetup-job-temp-allocator-block-size=2097152"
    "memorysetup-job-temp-allocator-block-size-background=1048576"
    "memorysetup-job-temp-allocator-reduction-small-platforms=262144"
    "memorysetup-temp-allocator-size-background-worker=32768"
    "memorysetup-temp-allocator-size-job-worker=262144"
    "memorysetup-temp-allocator-size-preload-manager=33554432"
    "memorysetup-temp-allocator-size-nav-mesh-worker=65536"
    "memorysetup-temp-allocator-size-audio-worker=65536"
    "memorysetup-temp-allocator-size-cloud-worker=32768"
    "memorysetup-temp-allocator-size-gi-baking-worker=262144"
    "memorysetup-temp-allocator-size-gfx=262144"
Refreshing native plugins compatible for Editor in 112.37 ms, found 4 plugins.
Preloading 0 native plugins for Editor in 0.00 ms.
Initialize engine version: 2021.3.13f1 (9e7d58001ecf)
[Subsystems] Discovering subsystems at path E:/Programms/Unity/Versions/2021.3.13f1/Editor/Data/Resources/UnitySubsystems
[Subsystems] Discovering subsystems at path F:/Курсач/Algoritm2/algoritm2/Algoritm2/Assets
GfxDevice: creating device client; threaded=0; jobified=0
Direct3D:
    Version:  Direct3D 11.0 [level 11.1]
    Renderer: NVIDIA GeForce GTX 1660 (ID=0x2184)
    Vendor:   NVIDIA
    VRAM:     5980 MB
    Driver:   31.0.15.2686
Initialize mono
Mono path[0] = 'E:/Programms/Unity/Versions/2021.3.13f1/Editor/Data/Managed'
Mono path[1] = 'E:/Programms/Unity/Versions/2021.3.13f1/Editor/Data/MonoBleedingEdge/lib/mono/unityjit-win32'
Mono config path = 'E:/Programms/Unity/Versions/2021.3.13f1/Editor/Data/MonoBleedingEdge/etc'
Using monoOptions --debugger-agent=transport=dt_socket,embedding=1,server=y,suspend=n,address=127.0.0.1:56836
Begin MonoManager ReloadAssembly
Registering precompiled unity dll's ...
Register platform support module: E:/Programms/Unity/Versions/2021.3.13f1/Editor/Data/PlaybackEngines/WebGLSupport/UnityEditor.WebGL.Extensions.dll
Register platform support module: E:/Programms/Unity/Versions/2021.3.13f1/Editor/Data/PlaybackEngines/AndroidPlayer/UnityEditor.Android.Extensions.dll
Register platform support module: E:/Programms/Unity/Versions/2021.3.13f1/Editor/Data/PlaybackEngines/WindowsStandaloneSupport/UnityEditor.WindowsStandalone.Extensions.dll
Registered in 0.005715 seconds.
Native extension for WindowsStandalone target not found
Native extension for Android target not found
Native extension for WebGL target not found
Refreshing native plugins compatible for Editor in 110.33 ms, found 4 plugins.
Preloading 0 native plugins for Editor in 0.00 ms.
Mono: successfully reloaded assembly
- Completed reload, in  0.812 seconds
Domain Reload Profiling:
	ReloadAssembly (813ms)
		BeginReloadAssembly (91ms)
			ExecutionOrderSort (0ms)
			DisableScriptedObjects (0ms)
			BackupInstance (0ms)
			ReleaseScriptingObjects (0ms)
			CreateAndSetChildDomain (1ms)
		EndReloadAssembly (589ms)
			LoadAssemblies (91ms)
			RebuildTransferFunctionScriptingTraits (0ms)
			SetupTypeCache (131ms)
			ReleaseScriptCaches (0ms)
			RebuildScriptCaches (32ms)
			SetupLoadedEditorAssemblies (365ms)
				LogAssemblyErrors (0ms)
				InitializePlatformSupportModulesInManaged (71ms)
				SetLoadedEditorAssemblies (0ms)
				RefreshPlugins (110ms)
				BeforeProcessingInitializeOnLoad (2ms)
				ProcessInitializeOnLoadAttributes (124ms)
				ProcessInitializeOnLoadMethodAttributes (57ms)
				AfterProcessingInitializeOnLoad (0ms)
				EditorAssembliesLoaded (0ms)
			ExecutionOrderSort2 (0ms)
			AwakeInstancesAfterBackupRestoration (0ms)
Platform modules already initialized, skipping
Registering precompiled user dll's ...
Registered in 0.010282 seconds.
Begin MonoManager ReloadAssembly
Symbol file LoadedFromMemory doesn't match image F:\Курсач\Algoritm2\algoritm2\Algoritm2\Library\PackageCache\com.unity.visualscripting@1.7.8\Editor\VisualScripting.Core\Dependencies\YamlDotNet\Unity.VisualScripting.YamlDotNet.dll
Symbol file LoadedFromMemory doesn't match image F:\Курсач\Algoritm2\algoritm2\Algoritm2\Library\PackageCache\com.unity.visualscripting@1.7.8\Editor\VisualScripting.Core\Dependencies\DotNetZip\Unity.VisualScripting.IonicZip.dll
Native extension for WindowsStandalone target not found
Native extension for Android target not found
Native extension for WebGL target not found
Refreshing native plugins compatible for Editor in 108.83 ms, found 4 plugins.
Preloading 0 native plugins for Editor in 0.00 ms.
Mono: successfully reloaded assembly
- Completed reload, in  1.569 seconds
Domain Reload Profiling:
	ReloadAssembly (1570ms)
		BeginReloadAssembly (248ms)
			ExecutionOrderSort (0ms)
			DisableScriptedObjects (8ms)
			BackupInstance (0ms)
			ReleaseScriptingObjects (0ms)
			CreateAndSetChildDomain (134ms)
		EndReloadAssembly (1162ms)
			LoadAssemblies (111ms)
			RebuildTransferFunctionScriptingTraits (0ms)
			SetupTypeCache (340ms)
			ReleaseScriptCaches (1ms)
			RebuildScriptCaches (66ms)
			SetupLoadedEditorAssemblies (590ms)
				LogAssemblyErrors (0ms)
				InitializePlatformSupportModulesInManaged (18ms)
				SetLoadedEditorAssemblies (1ms)
				RefreshPlugins (109ms)
				BeforeProcessingInitializeOnLoad (112ms)
				ProcessInitializeOnLoadAttributes (292ms)
				ProcessInitializeOnLoadMethodAttributes (54ms)
				AfterProcessingInitializeOnLoad (5ms)
				EditorAssembliesLoaded (0ms)
			ExecutionOrderSort2 (0ms)
			AwakeInstancesAfterBackupRestoration (8ms)
Platform modules already initialized, skipping
========================================================================
Worker process is ready to serve import requests
Launched and connected shader compiler UnityShaderCompiler.exe after 0.09 seconds
Refreshing native plugins compatible for Editor in 0.86 ms, found 4 plugins.
Preloading 0 native plugins for Editor in 0.00 ms.
Unloading 4105 Unused Serialized files (Serialized files now loaded: 0)
Unloading 49 unused Assets / (229.2 KB). Loaded Objects now: 4554.
Memory consumption went from 154.7 MB to 154.4 MB.
Total: 4.154400 ms (FindLiveObjects: 0.411200 ms CreateObjectMapping: 0.121800 ms MarkObjects: 3.429700 ms  DeleteObjects: 0.190600 ms)

AssetImportParameters requested are different than current active one (requested -> active):
  custom:video-decoder-ogg-theora: a1e56fd34408186e4bbccfd4996cb3dc -> 
  custom:container-muxer-webm: aa71ff27fc2769a1b78a27578f13a17b -> 
  custom:container-demuxer-webm: 4f35f7cbe854078d1ac9338744f61a02 -> 
  custom:video-encoder-webm-vp8: eb34c28f22e8b96e1ab97ce403110664 -> 
  custom:audio-encoder-webm-vorbis: bf7c407c2cedff20999df2af8eb42d56 -> 
  custom:framework-win-MediaFoundation: 216162199b28c13a410421893ffa2e32 -> 
  custom:container-demuxer-ogg: 62fdf1f143b41e24485cea50d1cbac27 -> 
  custom:video-decoder-webm-vp8: 9c59270c3fd7afecdb556c50c9e8de78 -> 
  custom:audio-decoder-ogg-vorbis: bf7c407c2cedff20999df2af8eb42d56 -> 
========================================================================
Received Import Request.
  Time since last request: 85043.713702 seconds.
  path: Assets/Resource/Blocks/Данные.png
  artifactKey: Guid(f3054316fa888d3429a766e2cf57173e) Importer(815301076,1909f56bfc062723c751e8b465ee728b)
Start importing Assets/Resource/Blocks/Данные.png using Guid(f3054316fa888d3429a766e2cf57173e) Importer(815301076,1909f56bfc062723c751e8b465ee728b)  -> (artifact id: 'e6e8b418c990539feec286f1c4f54df7') in 0.164812 seconds 
========================================================================
Received Import Request.
  Time since last request: 12.224007 seconds.
  path: Assets/Resource/Blocks/Процесс.png
  artifactKey: Guid(9a4003575a8c15442bdf0987adff0abf) Importer(815301076,1909f56bfc062723c751e8b465ee728b)
Start importing Assets/Resource/Blocks/Процесс.png using Guid(9a4003575a8c15442bdf0987adff0abf) Importer(815301076,1909f56bfc062723c751e8b465ee728b)  -> (artifact id: 'a7832bb45dd18a023396b0eb40795b3a') in 0.016767 seconds 
========================================================================
Received Import Request.
  Time since last request: 16.736178 seconds.
  path: Assets/Resource/Blocks/Предопределенный процесс.png
  artifactKey: Guid(ce0b04702f75a3342a8ed8dde7dcf4a7) Importer(815301076,1909f56bfc062723c751e8b465ee728b)
Start importing Assets/Resource/Blocks/Предопределенный процесс.png using Guid(ce0b04702f75a3342a8ed8dde7dcf4a7) Importer(815301076,1909f56bfc062723c751e8b465ee728b)  -> (artifact id: 'd9fb0eb933e0f2fd970f805e63da079f') in 0.014345 seconds 
========================================================================
Received Import Request.
  Time since last request: 29.561164 seconds.
  path: Assets/Resource/Blocks/Подготовка.png
  artifactKey: Guid(f7691bd99c5096b4db3e56d9d2ddc565) Importer(815301076,1909f56bfc062723c751e8b465ee728b)
Start importing Assets/Resource/Blocks/Подготовка.png using Guid(f7691bd99c5096b4db3e56d9d2ddc565) Importer(815301076,1909f56bfc062723c751e8b465ee728b)  -> (artifact id: '4ed39ae084f095353cf366b0477c3007') in 0.016037 seconds 
========================================================================
Received Import Request.
  Time since last request: 6.006406 seconds.
  path: Assets/Resource/Blocks/Решение.png
  artifactKey: Guid(47195fcdf521be24cb2d2987dcd18dac) Importer(815301076,1909f56bfc062723c751e8b465ee728b)
Start importing Assets/Resource/Blocks/Решение.png using Guid(47195fcdf521be24cb2d2987dcd18dac) Importer(815301076,1909f56bfc062723c751e8b465ee728b)  -> (artifact id: 'a8849f275a1566662e4ef8f5da6956d4') in 0.015724 seconds 
========================================================================
Received Import Request.
  Time since last request: 25.728659 seconds.
  path: Assets/Resource/Blocks/Соединитель.png
  artifactKey: Guid(598be14880445314da07b762648dc4c9) Importer(815301076,1909f56bfc062723c751e8b465ee728b)
Start importing Assets/Resource/Blocks/Соединитель.png using Guid(598be14880445314da07b762648dc4c9) Importer(815301076,1909f56bfc062723c751e8b465ee728b)  -> (artifact id: '7dbfc253695401ef4f1f3c0095735334') in 0.017418 seconds 
========================================================================
Received Import Request.
  Time since last request: 9.300736 seconds.
  path: Assets/Resource/Blocks/Терминатор.png
  artifactKey: Guid(047f7bfb992f4b14783708b3f39a7577) Importer(815301076,1909f56bfc062723c751e8b465ee728b)
Start importing Assets/Resource/Blocks/Терминатор.png using Guid(047f7bfb992f4b14783708b3f39a7577) Importer(815301076,1909f56bfc062723c751e8b465ee728b)  -> (artifact id: 'b3d6d653db8f58ae86354e6c02e2b322') in 0.022010 seconds 
